#-----------------------------------------------------------
# Vivado v2018.3 (64-bit)
# SW Build 2405991 on Thu Dec  6 23:38:27 MST 2018
# IP Build 2404404 on Fri Dec  7 01:43:56 MST 2018
# Start of session at: Sat Aug  1 11:40:28 2020
# Process ID: 13020
# Current directory: C:/Users/Administrator/Desktop/Digital-Recognition-master/project
# Command line: vivado.exe -gui_launcher_event rodinguilauncherevent11996 C:\Users\Administrator\Desktop\Digital-Recognition-master\project\spartan_cam.xpr
# Log file: C:/Users/Administrator/Desktop/Digital-Recognition-master/project/vivado.log
# Journal file: C:/Users/Administrator/Desktop/Digital-Recognition-master/project\vivado.jou
#-----------------------------------------------------------
start_gui
open_project C:/Users/Administrator/Desktop/Digital-Recognition-master/project/spartan_cam.xpr
CRITICAL WARNING: [Project 1-19] Could not find the file 'C:/users/dell/desktop/color_detect/spartan_cam/component.xml'.
Scanning sources...
Finished scanning sources
WARNING: [filemgmt 56-3] IP Repository Path: Could not find the directory 'C:/Users/Administrator/Desktop/project_1/project_1.srcs/sources_1/new'.
INFO: [IP_Flow 19-234] Refreshing IP repositories
INFO: [IP_Flow 19-1700] Loaded user IP repository 'c:/Users/Administrator/Desktop/Digital-Recognition-master/project/ip'.
WARNING: [IP_Flow 19-2248] Failed to load user IP repository 'c:/Users/Administrator/Desktop/project_1/project_1.srcs/sources_1/new'; Can't find the specified path.
If this directory should no longer be in your list of user repositories, go to the IP Settings dialog and remove it.
INFO: [IP_Flow 19-1700] Loaded user IP repository 'c:/Users/Administrator/FOUR_TO_EIGHT/FOUR_TO_EIGHT.srcs'.
INFO: [IP_Flow 19-1700] Loaded user IP repository 'c:/Users/Administrator/SPI/SPI.srcs'.
INFO: [IP_Flow 19-2313] Loaded Vivado IP repository 'C:/Xilinx/Vivado/2018.3/data/ip'.
open_project: Time (s): cpu = 00:00:22 ; elapsed = 00:00:12 . Memory (MB): peak = 882.789 ; gain = 264.875
update_compile_order -fileset sources_1
exit
INFO: [Common 17-206] Exiting Vivado at Sat Aug  1 11:41:57 2020...
